Arguments: 
  C:\Program Files\nodejs\node.exe C:\Program Files (x86)\Yarn\bin\yarn.js install

PATH: 
  C:\Program Files (x86)\Intel\iCLS Client\;C:\Program Files\Intel\iCLS Client\;C:\Windows\system32;C:\Windows;C:\Windows\System32\Wbem;C:\Windows\System32\WindowsPowerShell\v1.0\;C:\Program Files (x86)\NVIDIA Corporation\PhysX\Common;C:\Program Files (x86)\Intel\Intel(R) Management Engine Components\DAL;C:\Program Files\Intel\Intel(R) Management Engine Components\DAL;C:\Program Files (x86)\Intel\Intel(R) Management Engine Components\IPT;C:\Program Files\Intel\Intel(R) Management Engine Components\IPT;C:\Program Files\nodejs\;C:\Program Files\Git\cmd;C:\Program Files\TortoiseSVN\bin;C:\Program Files (x86)\Java\jdk1.8.0_60\bin;C:\Program Files (x86)\Java\apache-maven-3.5.0\bin;C:\WINDOWS\system32;C:\WINDOWS;C:\WINDOWS\System32\Wbem;C:\WINDOWS\System32\WindowsPowerShell\v1.0\;C:\Program Files\MongoDB\Server\3.4\bin;C:\Program Files (x86)\Yarn\bin;C:\Users\chenxuan\AppData\Local\Android\sdk1\platform-tools;C:\Users\chenxuan\AppData\Local\Android\sdk1\tools;C:\Ruby24-x64\bin;C:\Users\chenxuan\AppData\Local\Microsoft\WindowsApps;C:\Users\chenxuan\AppData\Roaming\npm;C:\Users\chenxuan\AppData\Local\atom\bin;C:\Users\chenxuan\AppData\Local\Microsoft\WindowsApps;C:\Users\chenxuan\AppData\Local\Yarn\bin

Yarn version: 
  1.3.2

Node version: 
  8.1.2

Platform: 
  win32 x64

npm manifest: 
  {
    "name": "vue-seamless-scroll",
    "version": "1.0.0",
    "description": "A simple, Seamless scrolling for Vue.js",
    "main": "index.js",
    "scripts": {
      "dev": "cross-env NODE_ENV=development webpack-dev-server --config ./build/webpack.dev.js --open --inline --hot",
      "build:debug": "cross-env NODE_ENV=debug webpack --config build/webpack.dist.js",
      "build:prod": "cross-env NODE_ENV=production webpack --config build/webpack.dist.js",
      "build:examples": "webpack --config build/webpack.examples.js",
      "buildAll": "npm run build:debug && npm run build:release && npm run build:examples"
    },
    "author": "chenxuan",
    "keywords": [
      "vue",
      "vuejs",
      "ui",
      "components",
      "Seamless",
      "scrolling"
    ],
    "dependencies": {
      "comutils": "^1.1.5"
    },
    "devDependencies": {
      "babel-core": "^6.0.0",
      "babel-loader": "^7.1.2",
      "babel-plugin-transform-es2015-destructuring": "^6.19.0",
      "babel-plugin-transform-es2015-parameters": "^6.18.0",
      "babel-plugin-transform-object-rest-spread": "^6.19.0",
      "babel-plugin-transform-runtime": "^6.23.0",
      "babel-preset-env": "^1.4.0",
      "babel-preset-es2015": "^6.0.0",
      "babel-preset-stage-2": "^6.24.1",
      "cross-env": "^3.0.0",
      "css-loader": "^0.25.0",
      "deep-assign": "^2.0.0",
      "extract-text-webpack-plugin": "^3.0.0",
      "node-sass": "^4.5.2",
      "sass-loader": "^6.0.6",
      "vue": "^2.2.6",
      "vue-loader": "^11.3.3",
      "vue-style-loader": "^3.0.0",
      "vue-template-compiler": "^2.2.6",
      "webpack": "^3.5.6",
      "webpack-bundle-analyzer": "^2.2.1",
      "webpack-dev-server": "^2.9.7"
    },
    "license": "ISC"
  }

yarn manifest: 
  No manifest

Lockfile: 
  No lockfile

Trace: 
  Error: ENOENT: no such file or directory, open 'G:\github\vue-seamless-scroll\node_modules\http-proxy-middleware\node_modules\is-extglob\index.js'
